[    0.000000] Linux version 4.15.0-212-generic (buildd@lcy02-amd64-083) (gcc version 7.5.0 (Ubuntu 7.5.0-3ubuntu1~18.04)) #223-Ubuntu SMP Tue May 23 13:09:22 UTC 2023 (Ubuntu 4.15.0-212.223-generic 4.15.18)
[    0.000000] Command line: BOOT_IMAGE=/boot/vmlinuz-4.15.0-212-generic root=LABEL=cloudimg-rootfs ro console=tty1 console=ttyS0
[    0.000000] KERNEL supported cpus:
[    0.000000]   Intel GenuineIntel
[    0.000000]   AMD AuthenticAMD
[    0.000000]   Centaur CentaurHauls
[    0.000000] x86/fpu: x87 FPU will use FXSAVE
[    0.000000] e820: BIOS-provided physical RAM map:
[    0.000000] BIOS-e820: [mem 0x0000000000000000-0x000000000009fbff] usable
[    0.000000] BIOS-e820: [mem 0x000000000009fc00-0x000000000009ffff] reserved
[    0.000000] BIOS-e820: [mem 0x00000000000f0000-0x00000000000fffff] reserved
[    0.000000] BIOS-e820: [mem 0x0000000000100000-0x000000007ffeffff] usable
[    0.000000] BIOS-e820: [mem 0x000000007fff0000-0x000000007fffffff] ACPI data
[    0.000000] BIOS-e820: [mem 0x00000000fec00000-0x00000000fec00fff] reserved
[    0.000000] BIOS-e820: [mem 0x00000000fee00000-0x00000000fee00fff] reserved
[    0.000000] BIOS-e820: [mem 0x00000000fffc0000-0x00000000ffffffff] reserved
[    0.000000] NX (Execute Disable) protection: active
[    0.000000] SMBIOS 2.5 present.
[    0.000000] DMI: innotek GmbH VirtualBox/VirtualBox, BIOS VirtualBox 12/01/2006
[    0.000000] Hypervisor detected: KVM
[    0.000000] e820: last_pfn = 0x7fff0 max_arch_pfn = 0x400000000
[    0.000000] MTRR: Disabled
[    0.000000] x86/PAT: MTRRs disabled, skipping PAT initialization too.
[    0.000000] CPU MTRRs all blank - virtualized system.
[    0.000000] x86/PAT: Configuration [0-7]: WB  WT  UC- UC  WB  WT  UC- UC  
[    0.000000] found SMP MP-table at [mem 0x0009fff0-0x0009ffff]
[    0.000000] Scanning 1 areas for low memory corruption
[    0.000000] RAMDISK: [mem 0x359cb000-0x36cdcfff]
[    0.000000] ACPI: Early table checksum verification disabled
[    0.000000] ACPI: RSDP 0x00000000000E0000 000024 (v02 VBOX  )
[    0.000000] ACPI: XSDT 0x000000007FFF0030 00003C (v01 VBOX   VBOXXSDT 00000001 ASL  00000061)
[    0.000000] ACPI: FACP 0x000000007FFF00F0 0000F4 (v04 VBOX   VBOXFACP 00000001 ASL  00000061)
[    0.000000] ACPI: DSDT 0x000000007FFF0610 002353 (v02 VBOX   VBOXBIOS 00000002 INTL 20230628)
[    0.000000] ACPI: FACS 0x000000007FFF0200 000040
[    0.000000] ACPI: FACS 0x000000007FFF0200 000040
[    0.000000] ACPI: APIC 0x000000007FFF0240 00005C (v02 VBOX   VBOXAPIC 00000001 ASL  00000061)
[    0.000000] ACPI: SSDT 0x000000007FFF02A0 00036C (v01 VBOX   VBOXCPUT 00000002 INTL 20230628)
[    0.000000] ACPI: Reserving FACP table memory at [mem 0x7fff00f0-0x7fff01e3]
[    0.000000] ACPI: Reserving DSDT table memory at [mem 0x7fff0610-0x7fff2962]
[    0.000000] ACPI: Reserving FACS table memory at [mem 0x7fff0200-0x7fff023f]
[    0.000000] ACPI: Reserving FACS table memory at [mem 0x7fff0200-0x7fff023f]
[    0.000000] ACPI: Reserving APIC table memory at [mem 0x7fff0240-0x7fff029b]
[    0.000000] ACPI: Reserving SSDT table memory at [mem 0x7fff02a0-0x7fff060b]
[    0.000000] No NUMA configuration found
[    0.000000] Faking a node at [mem 0x0000000000000000-0x000000007ffeffff]
[    0.000000] NODE_DATA(0) allocated [mem 0x7ffc5000-0x7ffeffff]
[    0.000000] kvm-clock: cpu 0, msr 0:7ff44001, primary cpu clock
[    0.000000] kvm-clock: Using msrs 4b564d01 and 4b564d00
[    0.000000] kvm-clock: using sched offset of 17493764923 cycles
[    0.000000] clocksource: kvm-clock: mask: 0xffffffffffffffff max_cycles: 0x1cd42e4dffb, max_idle_ns: 881590591483 ns
[    0.000000] Zone ranges:
[    0.000000]   DMA      [mem 0x0000000000001000-0x0000000000ffffff]
[    0.000000]   DMA32    [mem 0x0000000001000000-0x000000007ffeffff]
[    0.000000]   Normal   empty
[    0.000000]   Device   empty
[    0.000000] Movable zone start for each node
[    0.000000] Early memory node ranges
[    0.000000]   node   0: [mem 0x0000000000001000-0x000000000009efff]
[    0.000000]   node   0: [mem 0x0000000000100000-0x000000007ffeffff]
[    0.000000] Reserved but unavailable: 104 pages
[    0.000000] Initmem setup node 0 [mem 0x0000000000001000-0x000000007ffeffff]
[    0.000000] ACPI: PM-Timer IO Port: 0x4008
[    0.000000] IOAPIC[0]: apic_id 2, version 32, address 0xfec00000, GSI 0-23
[    0.000000] ACPI: INT_SRC_OVR (bus 0 bus_irq 0 global_irq 2 dfl dfl)
[    0.000000] ACPI: INT_SRC_OVR (bus 0 bus_irq 9 global_irq 9 low level)
[    0.000000] Using ACPI (MADT) for SMP configuration information
[    0.000000] smpboot: Allowing 2 CPUs, 0 hotplug CPUs
[    0.000000] PM: Registered nosave memory: [mem 0x00000000-0x00000fff]
[    0.000000] PM: Registered nosave memory: [mem 0x0009f000-0x0009ffff]
[    0.000000] PM: Registered nosave memory: [mem 0x000a0000-0x000effff]
[    0.000000] PM: Registered nosave memory: [mem 0x000f0000-0x000fffff]
[    0.000000] e820: [mem 0x80000000-0xfebfffff] available for PCI devices
[    0.000000] Booting paravirtualized kernel on KVM
[    0.000000] clocksource: refined-jiffies: mask: 0xffffffff max_cycles: 0xffffffff, max_idle_ns: 7645519600211568 ns
[    0.000000] setup_percpu: NR_CPUS:8192 nr_cpumask_bits:2 nr_cpu_ids:2 nr_node_ids:1
[    0.000000] percpu: Embedded 50 pages/cpu s167936 r8192 d28672 u1048576
[    0.000000] PV qspinlock hash table entries: 256 (order: 0, 4096 bytes)
[    0.000000] Built 1 zonelists, mobility grouping on.  Total pages: 515961
[    0.000000] Policy zone: DMA32
[    0.000000] Kernel command line: BOOT_IMAGE=/boot/vmlinuz-4.15.0-212-generic root=LABEL=cloudimg-rootfs ro console=tty1 console=ttyS0
[    0.000000] Memory: 2014836K/2096696K available (12300K kernel code, 2477K rwdata, 4324K rodata, 2480K init, 2720K bss, 81860K reserved, 0K cma-reserved)
[    0.000000] SLUB: HWalign=64, Order=0-3, MinObjects=0, CPUs=2, Nodes=1
[    0.000000] Kernel/User page tables isolation: enabled
[    0.000000] ftrace: allocating 39508 entries in 155 pages
[    0.004000] Hierarchical RCU implementation.
[    0.004000] 	RCU restricting CPUs from NR_CPUS=8192 to nr_cpu_ids=2.
[    0.004000] 	Tasks RCU enabled.
[    0.004000] RCU: Adjusting geometry for rcu_fanout_leaf=16, nr_cpu_ids=2
[    0.004000] NR_IRQS: 524544, nr_irqs: 440, preallocated irqs: 16
[    0.004000] Console: colour VGA+ 80x25
[    0.004000] console [tty1] enabled
[    0.004000] console [ttyS0] enabled
[    0.004000] ACPI: Core revision 20170831
[    0.004000] ACPI: 2 ACPI AML tables successfully acquired and loaded
[    0.004000] APIC: Switch to symmetric I/O mode setup
[    0.004000] x2apic enabled
[    0.004000] Switched APIC routing to physical x2apic.
[    0.004000] ..TIMER: vector=0x30 apic1=0 pin1=2 apic2=-1 pin2=-1
[    0.004000] tsc: Detected 2111.980 MHz processor
[    0.004000] Calibrating delay loop (skipped) preset value.. 4223.96 BogoMIPS (lpj=8447920)
[    0.004041] pid_max: default: 32768 minimum: 301
[    0.008369] Security Framework initialized
[    0.012038] Yama: becoming mindful.
[    0.016156] AppArmor: AppArmor initialized
[    0.020513] Dentry cache hash table entries: 262144 (order: 9, 2097152 bytes)
[    0.024221] Inode-cache hash table entries: 131072 (order: 8, 1048576 bytes)
[    0.028054] Mount-cache hash table entries: 4096 (order: 3, 32768 bytes)
[    0.032009] Mountpoint-cache hash table entries: 4096 (order: 3, 32768 bytes)
[    0.040719] Last level iTLB entries: 4KB 0, 2MB 0, 4MB 0
[    0.044022] Last level dTLB entries: 4KB 0, 2MB 0, 4MB 0, 1GB 0
[    0.048034] Spectre V1 : Mitigation: usercopy/swapgs barriers and __user pointer sanitization
[    0.052067] Spectre V2 : Mitigation: Retpolines
[    0.056005] Spectre V2 : Spectre v2 / SpectreRSB mitigation: Filling RSB on context switch
[    0.060005] Spectre V2 : Spectre v2 / SpectreRSB : Filling RSB on VMEXIT
[    0.064006] Speculative Store Bypass: Vulnerable
[    0.075443] MDS: Mitigation: Clear CPU buffers
[    0.076995] Freeing SMP alternatives memory: 36K
[    0.191333] smpboot: CPU0: 12th Gen Intel(R) Core(TM) i7-12700 (family: 0x6, model: 0x97, stepping: 0x2)
[    0.192000] Performance Events: unsupported p6 CPU model 151 no PMU driver, software events only.
[    0.192784] Hierarchical SRCU implementation.
[    0.202895] NMI watchdog: Perf event create on CPU 0 failed with -2
[    0.204027] NMI watchdog: Perf NMI watchdog permanently disabled
[    0.208402] smp: Bringing up secondary CPUs ...
[    0.213040] x86: Booting SMP configuration:
[    0.216035] .... node  #0, CPUs:      #1
[    0.004000] kvm-clock: cpu 1, msr 0:7ff44041, secondary cpu clock
[    0.236105] smp: Brought up 1 node, 2 CPUs
[    0.240039] smpboot: Max logical packages: 1
[    0.244005] smpboot: Total of 2 processors activated (8447.92 BogoMIPS)
[    0.252044] devtmpfs: initialized
[    0.256181] x86/mm: Memory block size: 128MB
[    0.264423] evm: security.selinux
[    0.272005] evm: security.SMACK64
[    0.276004] evm: security.SMACK64EXEC
[    0.280005] evm: security.SMACK64TRANSMUTE
[    0.288005] evm: security.SMACK64MMAP
[    0.296003] evm: security.apparmor
[    0.300003] evm: security.ima
[    0.308000] evm: security.capability
[    0.316281] clocksource: jiffies: mask: 0xffffffff max_cycles: 0xffffffff, max_idle_ns: 7645041785100000 ns
[    0.332313] futex hash table entries: 512 (order: 3, 32768 bytes)
[    0.340190] pinctrl core: initialized pinctrl subsystem
[    0.348608] RTC time: 12:59:43, date: 07/09/24
[    0.360865] NET: Registered protocol family 16
[    0.364115] audit: initializing netlink subsys (disabled)
[    0.376512] audit: type=2000 audit(1720530002.148:1): state=initialized audit_enabled=0 res=1
[    0.384062] cpuidle: using governor ladder
[    0.392039] cpuidle: using governor menu
[    0.400189] ACPI: bus type PCI registered
[    0.408049] acpiphp: ACPI Hot Plug PCI Controller Driver version: 0.5
[    0.420006] PCI: Using configuration type 1 for base access
[    0.437586] HugeTLB registered 2.00 MiB page size, pre-allocated 0 pages
[    0.454670] ACPI: Added _OSI(Module Device)
[    0.460006] ACPI: Added _OSI(Processor Device)
[    0.468040] ACPI: Added _OSI(3.0 _SCP Extensions)
[    0.476011] ACPI: Added _OSI(Processor Aggregator Device)
[    0.484039] ACPI: Added _OSI(Linux-Dell-Video)
[    0.492005] ACPI: Added _OSI(Linux-Lenovo-NV-HDMI-Audio)
[    0.500032] ACPI: Added _OSI(Linux-HPI-Hybrid-Graphics)
[    0.515207] ACPI: Executed 1 blocks of module-level executable AML code
[    0.531013] ACPI: Interpreter enabled
[    0.536148] ACPI: (supports S0 S5)
[    0.540059] ACPI: Using IOAPIC for interrupt routing
[    0.548571] PCI: Using host bridge windows from ACPI; if necessary, use "pci=nocrs" and report a bug
[    0.564731] ACPI: Enabled 2 GPEs in block 00 to 07
[    0.583343] ACPI: PCI Root Bridge [PCI0] (domain 0000 [bus 00-ff])
[    0.592237] acpi PNP0A03:00: _OSC: OS supports [ASPM ClockPM Segments MSI]
[    0.604810] acpi PNP0A03:00: _OSC: not requesting OS control; OS requires [ExtendedConfig ASPM ClockPM MSI]
[    0.620134] acpi PNP0A03:00: fail to add MMCONFIG information, can't access extended PCI configuration space under this bridge.
[    0.641174] PCI host bridge to bus 0000:00
[    0.644032] pci_bus 0000:00: root bus resource [io  0x0000-0x0cf7 window]
[    0.656007] pci_bus 0000:00: root bus resource [io  0x0d00-0xffff window]
[    0.668007] pci_bus 0000:00: root bus resource [mem 0x000a0000-0x000bffff window]
[    0.680007] pci_bus 0000:00: root bus resource [mem 0x80000000-0xfdffffff window]
[    0.692040] pci_bus 0000:00: root bus resource [bus 00-ff]
[    0.718157] pci 0000:00:01.1: legacy IDE quirk: reg 0x10: [io  0x01f0-0x01f7]
[    0.728008] pci 0000:00:01.1: legacy IDE quirk: reg 0x14: [io  0x03f6]
[    0.736006] pci 0000:00:01.1: legacy IDE quirk: reg 0x18: [io  0x0170-0x0177]
[    0.748006] pci 0000:00:01.1: legacy IDE quirk: reg 0x1c: [io  0x0376]
[    0.905294] pci 0000:00:07.0: quirk: [io  0x4000-0x403f] claimed by PIIX4 ACPI
[    0.916127] pci 0000:00:07.0: quirk: [io  0x4100-0x410f] claimed by PIIX4 SMB
[    1.020360] ACPI: PCI Interrupt Link [LNKA] (IRQs 5 9 10 *11)
[    1.036140] ACPI: PCI Interrupt Link [LNKB] (IRQs 5 9 *10 11)
[    1.044311] ACPI: PCI Interrupt Link [LNKC] (IRQs 5 *9 10 11)
[    1.056106] ACPI: PCI Interrupt Link [LNKD] (IRQs 5 9 10 *11)
[    1.076000] SCSI subsystem initialized
[    1.085459] pci 0000:00:02.0: vgaarb: setting as boot VGA device
[    1.088000] pci 0000:00:02.0: vgaarb: VGA device added: decodes=io+mem,owns=io+mem,locks=none
[    1.104040] pci 0000:00:02.0: vgaarb: bridge control possible
[    1.112005] vgaarb: loaded
[    1.116367] ACPI: bus type USB registered
[    1.124236] usbcore: registered new interface driver usbfs
[    1.132201] usbcore: registered new interface driver hub
[    1.148052] usbcore: registered new device driver usb
[    1.160602] EDAC MC: Ver: 3.0.0
[    1.172349] PCI: Using ACPI for IRQ routing
[    1.182988] NetLabel: Initializing
[    1.188005] NetLabel:  domain hash size = 128
[    1.196006] NetLabel:  protocols = UNLABELED CIPSOv4 CALIPSO
[    1.208213] NetLabel:  unlabeled traffic allowed by default
[    1.225672] clocksource: Switched to clocksource kvm-clock
[    1.270890] VFS: Disk quotas dquot_6.6.0
[    1.279566] VFS: Dquot-cache hash table entries: 512 (order 0, 4096 bytes)
[    1.290944] AppArmor: AppArmor Filesystem Enabled
[    1.298522] pnp: PnP ACPI init
[    1.307194] pnp: PnP ACPI: found 3 devices
[    1.325197] clocksource: acpi_pm: mask: 0xffffff max_cycles: 0xffffff, max_idle_ns: 2085701024 ns
[    1.341164] NET: Registered protocol family 2
[    1.349880] IP idents hash table entries: 32768 (order: 6, 262144 bytes)
[    1.361618] TCP established hash table entries: 16384 (order: 5, 131072 bytes)
[    1.373031] TCP bind hash table entries: 16384 (order: 6, 262144 bytes)
[    1.383713] TCP: Hash tables configured (established 16384 bind 16384)
[    1.395564] UDP hash table entries: 1024 (order: 3, 32768 bytes)
[    1.404953] UDP-Lite hash table entries: 1024 (order: 3, 32768 bytes)
[    1.415314] NET: Registered protocol family 1
[    1.422093] pci 0000:00:00.0: Limiting direct PCI/PCI transfers
[    1.433456] pci 0000:00:01.0: Activating ISA DMA hang workarounds
[    1.442848] pci 0000:00:02.0: Video device with shadowed ROM at [mem 0x000c0000-0x000dffff]
[    1.456054] Unpacking initramfs...
[    1.745395] Freeing initrd memory: 19528K
[    1.761988] clocksource: tsc: mask: 0xffffffffffffffff max_cycles: 0x1e716596aee, max_idle_ns: 440795272898 ns
[    1.774075] platform rtc_cmos: registered platform RTC device (no PNP device found)
[    1.785037] Scanning for low memory corruption every 60 seconds
[    1.807967] Initialise system trusted keyrings
[    1.816137] Key type blacklist registered
[    1.821393] workingset: timestamp_bits=36 max_order=19 bucket_order=0
[    1.839198] zbud: loaded
[    1.845268] squashfs: version 4.0 (2009/01/31) Phillip Lougher
[    1.853401] fuse init (API version 7.26)
[    1.880535] Key type asymmetric registered
[    1.887171] Asymmetric key parser 'x509' registered
[    1.894589] Block layer SCSI generic (bsg) driver version 0.4 loaded (major 246)
[    1.906810] io scheduler noop registered
[    1.912813] io scheduler deadline registered
[    1.919528] io scheduler cfq registered (default)
[    1.928066] ACPI: AC Adapter [AC] (on-line)
[    1.933393] input: Power Button as /devices/LNXSYSTM:00/LNXPWRBN:00/input/input0
[    1.948670] ACPI: Power Button [PWRF]
[    1.954705] input: Sleep Button as /devices/LNXSYSTM:00/LNXSLPBN:00/input/input1
[    1.965505] ACPI: Sleep Button [SLPF]
[    1.972642] Serial: 8250/16550 driver, 32 ports, IRQ sharing enabled
[   1.95390 0002: ttyS0 at I/O 0x3f8 (irq = 4, base_baud = 115200) is a 16550A
[    2.179173] Linux agpgart interface v0.103
[    2.193399] loop: module loaded
[    2.208774] scsi host0: ata_piix
[    2.222150] scsi host1: ata_piix
[    2.230953] ata1: PATA max UDMA/33 cmd 0x1f0 ctl 0x3f6 bmdma 0xd000 irq 14
[    2.247592] ata2: PATA max UDMA/33 cmd 0x170 ctl 0x376 bmdma 0xd008 irq 15
[    2.263418] tun: Universal TUN/TAP device driver, 1.6
[    2.276711] PPP generic driver version 2.4.2
[    2.286860] ehci_hcd: USB 2.0 'Enhanced' Host Controller (EHCI) Driver
[    2.302421] ehci-pci: EHCI PCI platform driver
[    2.312663] ehci-platform: EHCI generic platform driver
[    2.325257] ohci_hcd: USB 1.1 'Open' Host Controller (OHCI) Driver
[    2.339298] ohci-pci: OHCI PCI platform driver
[    2.350257] ohci-platform: OHCI generic platform driver
[    2.363218] uhci_hcd: USB Universal Host Controller Interface driver
[    2.377444] i8042: PNP: PS/2 Controller [PNP0303:PS2K,PNP0f03:PS2M] at 0x60,0x64 irq 1,12
[    2.400193] serio: i8042 KBD port at 0x60,0x64 irq 1
[    2.411223] serio: i8042 AUX port at 0x60,0x64 irq 12
[    2.420695] mousedev: PS/2 mouse device common for all mice
[    2.433097] input: AT Translated Set 2 keyboard as /devices/platform/i8042/serio0/input/input2
[    2.451145] rtc_cmos rtc_cmos: rtc core: registered rtc_cmos as rtc0
[    2.462453] rtc_cmos rtc_cmos: alarms up to one day, 114 bytes nvram
[    2.472958] i2c /dev entries driver
[    2.479867] device-mapper: uevent: version 1.0.3
[    2.487492] device-mapper: ioctl: 4.37.0-ioctl (2017-09-20) initialised: dm-devel@redhat.com
[    2.516773] ledtrig-cpu: registered to indicate activity on CPUs
[    2.525465] NET: Registered protocol family 10
[    2.673508] Segment Routing with IPv6
[    2.680458] NET: Registered protocol family 17
[    2.688778] Key type dns_resolver registered
[    2.696391] mce: Using 0 MCE banks
[    2.700199] RAS: Correctable Errors collector initialized.
[    2.710430] sched_clock: Marking stable (2710050278, 0)->(3837019147, -1126968869)
[    2.730343] registered taskstats version 1
[    2.737028] Loading compiled-in X.509 certificates
[    2.822849] Loaded X.509 cert 'Build time autogenerated kernel key: b5b26778eaa3ab3a4a6cee031137706e947d12ad'
[    2.841544] Loaded X.509 cert 'Canonical Ltd. Live Patch Signing: 14df34d1a87cf37625abec039ef2bf521249b969'
[    2.857540] Loaded X.509 cert 'Canonical Ltd. Kernel Module Signing: 88f752e560a1e0737e31163a466ad7b70a850c19'
[    2.872666] blacklist: Loading compiled-in revocation X.509 certificates
[    2.882975] Loaded X.509 cert 'Canonical Ltd. Secure Boot Signing: 61482aa2830d0ab2ad5af10b7250da9033ddcef0'
[    2.905373] Loaded X.509 cert 'Canonical Ltd. Secure Boot Signing (2017): 242ade75ac4a15e50d50c84b0d45ff3eae707a03'
[    2.927532] Loaded X.509 cert 'Canonical Ltd. Secure Boot Signing (ESM 2018): 365188c1d374d6b07c3c8f240f8ef722433d6a8b'
[    2.946038] Loaded X.509 cert 'Canonical Ltd. Secure Boot Signing (2019): c0746fd6c5da3ae827864651ad66ae47fe24b3e8'
[    2.962819] Loaded X.509 cert 'Canonical Ltd. Secure Boot Signing (2021 v1): a8d54bbb3825cfb94fa13c9f8a594a195c107b8d'
[    2.978808] Loaded X.509 cert 'Canonical Ltd. Secure Boot Signing (2021 v2): 4cf046892d6fd3c9a5b03f98d845f90851dc6a8c'
[    2.994555] Loaded X.509 cert 'Canonical Ltd. Secure Boot Signing (2021 v3): 100437bb6de6e469b581e61cd66bce3ef4ed53af'
[    3.011104] Loaded X.509 cert 'Canonical Ltd. Secure Boot Signing (Ubuntu Core 2019): c1d57b8f6b743f23ee41f4f7ee292f06eecadfb9'
[    3.028965] zswap: loaded using pool lzo/zbud
[    3.184072] Key type big_key registered
[    3.191095] Key type trusted registered
[    3.267436] Key type encrypted registered
[    3.274455] AppArmor: AppArmor sha1 policy hashing enabled
[    3.284034] ima: No TPM chip found, activating TPM-bypass! (rc=-19)
[    3.294105] ima: Allocated hash algorithm: sha1
[    3.301214] evm: HMAC attrs: 0x1
[    3.308059]   Magic number: 0:397:986
[    3.315106] rtc_cmos rtc_cmos: setting system clock to 2024-07-09 12:59:46 UTC (1720529986)
[    3.329421] BIOS EDD facility v0.16 2004-Jun-25, 0 devices found
[    3.338953] EDD information not available.
[    3.391280] Freeing unused kernel image memory: 2480K
[    3.784072] Write protecting the kernel read-only data: 20480k
[    3.822400] Freeing unused kernel image memory: 2008K
[    3.833937] Freeing unused kernel image memory: 1820K
[    3.846520] x86/mm: Checked W+X mappings: passed, no W+X pages found.
[    3.861116] x86/mm: Checking user space page tables
[    3.871841] x86/mm: Checked W+X mappings: passed, no W+X pages found.
Loading, please wait...
starting version 237
[    7.470377] e1000: Intel(R) PRO/1000 Network Driver - version 7.3.21-k8-NAPI
[    7.491568] e1000: Copyright (c) 1999-2006 Intel Corporation.
[    7.538380] Fusion MPT base driver 3.04.20
[    7.551131] Copyright (c) 1999-2008 LSI Corporation
[    7.690505] Fusion MPT SPI Host driver 3.04.20
[    7.872049] input: ImExPS/2 Generic Explorer Mouse as /devices/platform/i8042/serio1/input/input4
[    9.434299] e1000 0000:00:03.0 eth0: (PCI:33MHz:32-bit) 02:3b:7b:b7:3b:2d
[    9.444625] e1000 0000:00:03.0 eth0: Intel(R) PRO/1000 Network Connection
[   10.617992] e1000 0000:00:08.0 eth1: (PCI:33MHz:32-bit) 08:00:27:a0:75:19
[   10.628238] e1000 0000:00:08.0 eth1: Intel(R) PRO/1000 Network Connection
[   10.649815] mptbase: ioc0: Initiating bringup
[   10.676688] e1000 0000:00:08.0 enp0s8: renamed from eth1
[   10.702859] e1000 0000:00:03.0 enp0s3: renamed from eth0
[   10.962466] ioc0: LSI53C1030 A0: Capabilities={Initiator}
[   13.032082] scsi host2: ioc0: LSI53C1030 A0, FwRev=00000000h, Ports=1, MaxQ=256, IRQ=20
[   13.235650] scsi 2:0:0:0: Direct-Access     VBOX     HARDDISK         1.0  PQ: 0 ANSI: 5
[   13.372427] scsi target2:0:0: Beginning Domain Validation
[   13.393867] scsi target2:0:0: Domain Validation skipping write tests
[   13.405403] scsi target2:0:0: Ending Domain Validation
[   13.415474] scsi target2:0:0: asynchronous
[   13.423804] scsi 2:0:1:0: Direct-Access     VBOX     HARDDISK         1.0  PQ: 0 ANSI: 5
[   13.591000] scsi target2:0:1: Beginning Domain Validation
[   13.617611] scsi target2:0:1: Domain Validation skipping write tests
[   13.635928] scsi target2:0:1: Ending Domain Validation
[   13.650619] scsi target2:0:1: asynchronous
[   13.679729] sd 2:0:0:0: Attached scsi generic sg0 type 0
[   13.698436] sd 2:0:0:0: [sda] 83886080 512-byte logical blocks: (42.9 GB/40.0 GiB)
[   13.716923] sd 2:0:0:0: [sda] Write Protect is off
[   13.732138] sd 2:0:1:0: Attached scsi generic sg1 type 0
[   13.746648] sd 2:0:0:0: [sda] Incomplete mode parameter data
[   13.753422] sd 2:0:1:0: [sdb] 20480 512-byte logical blocks: (10.5 MB/10.0 MiB)
[   13.765758] sd 2:0:0:0: [sda] Assuming drive cache: write through
[   13.785030] sd 2:0:1:0: [sdb] Write Protect is off
[   13.828663] sd 2:0:1:0: [sdb] Incomplete mode parameter data
[   13.846689] sd 2:0:1:0: [sdb] Assuming drive cache: write through
[   13.885510]  sda: sda1
[   13.899289] sd 2:0:1:0: [sdb] Attached SCSI disk
[   13.929570] sd 2:0:0:0: [sda] Attached SCSI disk
Begin: Loading essential drivers ... [   21.580318] raid6: sse2x1   gen() 12030 MB/s
[   21.632347] raid6: sse2x1   xor()  9274 MB/s
[   21.684165] raid6: sse2x2   gen() 16305 MB/s
[   21.736289] raid6: sse2x2   xor() 10973 MB/s
[   21.788518] raid6: sse2x4   gen() 13511 MB/s
[   21.860250] raid6: sse2x4   xor()  5107 MB/s
[   21.872448] raid6: using algorithm sse2x2 gen() 16305 MB/s
[   21.886129] raid6: .... xor() 10973 MB/s, rmw enabled
[   21.900893] raid6: using ssse3x2 recovery algorithm
[   21.944534] xor: measuring software checksum speed
[   22.146367]    prefetch64-sse: 261252.000 MB/sec
[   23.795980]    generic_sse: -1411637.-296 MB/sec
[   23.805629] xor: using function: prefetch64-sse (261252.000 MB/sec)
[   23.830062] async_tx: api initialized (async)
done.
Begin: Running /scripts/init-premount ... done.
Begin: Mounting root file system ... Begin: Running /scripts/local-top ... done.
Begin: Running /scripts/local-premount ... [   24.984824] Btrfs loaded, crc32c=crc32c-intel
Scanning for Btrfs filesystems
done.
Warning: fsck not present, so skipping root file system
[   25.855765] EXT4-fs (sda1): mounted filesystem with ordered data mode. Opts: (null)
done.
Begin: Running /scripts/local-bottom ... done.
Begin: Running /scripts/init-bottom ... done.
[   27.846631] ip_tables: (C) 2000-2006 Netfilter Core Team
[   27.987258] systemd[1]: systemd 237 running in system mode. (+PAM +AUDIT +SELINUX +IMA +APPARMOR +SMACK +SYSVINIT +UTMP +LIBCRYPTSETUP +GCRYPT +GNUTLS +ACL +XZ +LZ4 +SECCOMP +BLKID +ELFUTILS +KMOD -IDN2 +IDN -PCRE2 default-hierarchy=hybrid)
[   28.020978] systemd[1]: Detected virtualization oracle.
[   28.030275] systemd[1]: Detected architecture x86-64.

Welcome to [1mUbuntu 18.04.6 LTS[0m!

[   28.184824] systemd[1]: Set hostname to <ubuntu>.
[   28.201768] random: systemd: uninitialized urandom read (16 bytes read)
[   28.211932] systemd[1]: Initializing machine ID from random generator.
[   28.222840] systemd[1]: Installed transient /etc/machine-id file.
[   29.817367] random: crng init done
[   32.887160] systemd[1]: Created slice System Slice.
[[0;32m  OK  [0m] Created slice System Slice.
[   32.902280] systemd[1]: Listening on udev Kernel Socket.
[[0;32m  OK  [0m] Listening on udev Kernel Socket.
[   32.917161] systemd[1]: Listening on udev Control Socket.
[[0;32m  OK  [0m] Listening on udev Control Socket.
[   32.933523] systemd[1]: Listening on Journal Socket.
[[0;32m  OK  [0m] Listening on Journal Socket.
         Starting udev Coldplug all Devices...
[   33.018788] systemd[1]: Mounting POSIX Message Queue File System...
         Mounting POSIX Message Queue File System...
[   33.102426] systemd[1]: Starting Set the console keyboard layout...
         Starting Set the console keyboard layout...
[   33.146846] systemd[1]: Reached target User and Group Name Lookups.
[[0;32m  OK  [0m] Reached target User and Group Name Lookups.
[   33.182328] systemd[1]: Listening on Syslog Socket.
[[0;32m  OK  [0m] Listening on Syslog Socket.
[   33.223403] systemd[1]: Listening on Network Service Netlink Socket.
[[0;32m  OK  [0m] Listening on Network Service Netlink Socket.
[   33.248150] systemd[1]: Listening on fsck to fsckd communication Socket.
[[0;32m  OK  [0m] Listening on fsck to fsckd communication Socket.
[   33.276139] systemd[1]: Created slice system-serial\x2dgetty.slice.
[[0;32m  OK  [0m] Created slice system-serial\x2dgetty.slice.
[   33.331255] systemd[1]: Starting File System Check on Root Device...
         Starting File System Check on Root Device...
[   33.402723] systemd[1]: Created slice User and Session Slice.
[[0;32m  OK  [0m] Created slice User and Session Slice.
[   33.442278] systemd[1]: Reached target Slices.
[[0;32m  OK  [0m] Reached target Slices.
         Mounting Huge Pages File System...
[[0;32m  OK  [0m] Reached target Swap.
[[0;32m  OK  [0m] Reached target System Time Synchronized.
[[0;32m  OK  [0m] Set up automount Arbitrary Executab…rmats File System Automount Point.
         Starting Load Kernel Modules...
[[0;32m  OK  [0m] Started Forward Password Requests to Wall Directory Watch.
         Starting Create list of required st…ce nodes for the current kernel...
[[0;32m  OK  [0m] Listening on LVM2 poll daemon socket.
[[0;32m  OK  [0m] Listening on Journal Audit Socket.
[[0;32m  OK  [0m] Listening on Device-mapper event daemon FIFOs.
[[0;32m  OK  [0m] Listening on LVM2 metadata daemon socket.
         Starting Monitoring of LVM2 mirrors…ng dmeventd or progress polling...
[[0;32m  OK  [0m] Listening on /dev/initctl Compatibility Named Pipe.
[[0;32m  OK  [0m] Reached target Mounting snaps.
[[0;32m  OK  [0m] Reached target Mounted snaps.
         Starting Uncomplicated firewall...
         Mounting Kernel Debug File System...
[[0;32m  OK  [0m] Listening on Journal Socket (/dev/log).
         Starting Journal Service...
[[0;32m  OK  [0m] Mounted POSIX Message Queue File System.
[[0;32m  OK  [0m] Mounted Huge Pages File System.
[[0;32m  OK  [0m] Started Create list of required sta…vice nodes for the current kernel.
[[0;32m  OK  [0m] Started Uncomplicated firewall.
         Starting Create Static Device Nodes in /dev...
[[0;32m  OK  [0m] Started File System Check Daemon to report status.
[   34.956555] Loading iSCSI transport class v2.0-870.
[[0;32m  OK  [0m] Mounted Kernel Debug File System.
[   35.286811] iscsi: registered transport (tcp)
[   36.052432] iscsi: registered transport (iser)
[[0;32m  OK  [0m] Started Load Kernel Modules.
[[0;32m  OK  [0m] Started LVM2 metadata daemon.
         Mounting Kernel Configuration File System...
         Mounting FUSE Control File System...
         Starting Apply Kernel Variables...
[[0;32m  OK  [0m] Started File System Check on Root Device.
[[0;32m  OK  [0m] Started Create Static Device Nodes in /dev.
         Starting Remount Root and Kernel File Systems...
[[0;32m  OK  [0m] Mounted Kernel Configuration File System.
[[0;32m  OK  [0m] Mounted FUSE Control File System.
[[0;32m  OK  [0m] Started Apply Kernel Variables.
[[0;32m  OK  [0m] Started Monitoring of LVM2 mirrors,…sing dmeventd or progress polling.
[[0;32m  OK  [0m] Started Remount Root and Kernel File Systems.
         Starting Load/Save Random Seed...
         Starting udev Kernel Device Manager...
[[0;32m  OK  [0m] Started Journal Service.
         Starting Flush Journal to Persistent Storage...
[[0;32m  OK  [0m] Started Load/Save Random Seed.
[[0;32m  OK  [0m] Started udev Kernel Device Manager.
[[0;32m  OK  [0m] Started Flush Journal to Persistent Storage.
[[0;32m  OK  [0m] Started udev Coldplug all Devices.
[[0;32m  OK  [0m] Started Set the console keyboard layout.
[[0;32m  OK  [0m] Reached target Local File Systems (Pre).
[[0;32m  OK  [0m] Reached target Local File Systems.
         Starting Set console font and keymap...
         Starting Create Volatile Files and Directories...
         Starting Commit a transient machine-id on disk...
         Starting AppArmor initialization...
         Starting Tell Plymouth To Write Out Runtime Data...
         Starting ebtables ruleset management...
[[0;32m  OK  [0m] Started Dispatch Password Requests to Console Directory Watch.
[[0;32m  OK  [0m] Reached target Local Encrypted Volumes.
[[0;32m  OK  [0m] Started Tell Plymouth To Write Out Runtime Data.
[[0;32m  OK  [0m] Started Commit a transient machine-id on disk.
[[0;32m  OK  [0m] Started Create Volatile Files and Directories.
         Starting Update UTMP about System Boot/Shutdown...
[[0;32m  OK  [0m] Started Update UTMP about System Boot/Shutdown.
[[0;32m  OK  [0m] Started ebtables ruleset management.
[[0;32m  OK  [0m] Started AppArmor initialization.
         Starting Load AppArmor profiles managed internally by snapd...
         Starting Initial cloud-init job (pre-networking)...
         Mounting Arbitrary Executable File Formats File System...
[[0;32m  OK  [0m] Mounted Arbitrary Executable File Formats File System.
[[0;32m  OK  [0m] Started Load AppArmor profiles managed internally by snapd.
[[0;32m  OK  [0m] Found device /dev/ttyS0.
[[0;32m  OK  [0m] Listening on Load/Save RF Kill Switch Status /dev/rfkill Watch.
[   79.046530] cloud-init[554]: Cloud-init v. 23.1.2-0ubuntu0~18.04.1 running 'init-local' at Tue, 09 Jul 2024 13:00:50 +0000. Up 67.50 seconds.
[[0;32m  OK  [0m] Started Set console font and keymap.
[[0;32m  OK  [0m] Started Initial cloud-init job (pre-networking).
[[0;32m  OK  [0m] Reached target Network (Pre).
         Starting Network Service...
[[0;32m  OK  [0m] Started Network Service.
         Starting Network Name Resolution...
         Starting Wait for Network to be Configured...
[[0;32m  OK  [0m] Started Network Name Resolution.
[[0;32m  OK  [0m] Reached target Network.
[[0;32m  OK  [0m] Reached target Host and Network Name Lookups.
[[0;32m  OK  [0m] Started Wait for Network to be Configured.
         Starting Initial cloud-init job (metadata service crawler)...
[   95.345807] cloud-init[791]: Cloud-init v. 23.1.2-0ubuntu0~18.04.1 running 'init' at Tue, 09 Jul 2024 13:01:15 +0000. Up 92.47 seconds.
[   95.362059] cloud-init[791]: ci-info: ++++++++++++++++++++++++++++++++++++++Net device info+++++++++++++++++++++++++++++++++++++++
[   95.396109] cloud-init[791]: ci-info: +--------+-------+----------------------------+---------------+--------+-------------------+
[   95.411615] cloud-init[791]: ci-info: | Device |   Up  |          Address           |      Mask     | Scope  |     Hw-Address    |
[   95.425166] cloud-init[791]: ci-info: +--------+-------+----------------------------+---------------+--------+-------------------+
[   95.439526] cloud-init[791]: ci-info: | enp0s3 |  True |         10.0.2.15          | 255.255.255.0 | global | 02:3b:7b:b7:3b:2d |
[   95.461735] cloud-init[791]: ci-info: | enp0s3 |  True | fe80::3b:7bff:feb7:3b2d/64 |       .       |  link  | 02:3b:7b:b7:3b:2d |
[   95.476564] cloud-init[791]: ci-info: | enp0s8 | False |             .              |       .       |   .    | 08:00:27:a0:75:19 |
[   95.492502] cloud-init[791]: ci-info: |   lo   |  True |         127.0.0.1          |   255.0.0.0   |  host  |         .         |
[   95.510508] cloud-init[791]: ci-info: |   lo   |  True |          ::1/128           |       .       |  host  |         .         |
[   95.528807] cloud-init[791]: ci-info: +--------+-------+----------------------------+---------------+--------+-------------------+
[   95.548490] cloud-init[791]: ci-info: ++++++++++++++++++++++++++++Route IPv4 info+++++++++++++++++++++++++++++
[   95.567312] cloud-init[791]: ci-info: +-------+-------------+----------+-----------------+-----------+-------+
[   95.584915] cloud-init[791]: ci-info: | Route | Destination | Gateway  |     Genmask     | Interface | Flags |
[   95.610828] cloud-init[791]: ci-info: +-------+-------------+----------+-----------------+-----------+-------+
[   95.625799] cloud-init[791]: ci-info: |   0   |   0.0.0.0   | 10.0.2.2 |     0.0.0.0     |   enp0s3  |   UG  |
[   95.650464] cloud-init[791]: ci-info: |   1   |   10.0.2.0  | 0.0.0.0  |  255.255.255.0  |   enp0s3  |   U   |
[   95.666636] cloud-init[791]: ci-info: |   2   |   10.0.2.2  | 0.0.0.0  | 255.255.255.255 |   enp0s3  |   UH  |
[   95.699316] cloud-init[791]: ci-info: +-------+-------------+----------+-----------------+-----------+-------+
[   95.715814] cloud-init[791]: ci-info: +++++++++++++++++++Route IPv6 info+++++++++++++++++++
[   95.725096] cloud-init[791]: ci-info: +-------+-------------+---------+-----------+-------+
[   95.735367] cloud-init[791]: ci-info: | Route | Destination | Gateway | Interface | Flags |
[   95.744156] cloud-init[791]: ci-info: +-------+-------------+---------+-----------+-------+
[   95.755476] cloud-init[791]: ci-info: |   1   |  fe80::/64  |    ::   |   enp0s3  |   U   |
[   95.764484] cloud-init[791]: ci-info: |   3   |    local    |    ::   |   enp0s3  |   U   |
[   95.772905] cloud-init[791]: ci-info: |   4   |   ff00::/8  |    ::   |   enp0s3  |   U   |
[   95.782699] cloud-init[791]: ci-info: +-------+-------------+---------+-----------+-------+
[  105.863502] cloud-init[791]: Generating public/private rsa key pair.
[  105.879488] cloud-init[791]: Your identification has been saved in /etc/ssh/ssh_host_rsa_key.
[  105.896571] cloud-init[791]: Your public key has been saved in /etc/ssh/ssh_host_rsa_key.pub.
[  105.911508] cloud-init[791]: The key fingerprint is:
[  105.921977] cloud-init[791]: SHA256:jCusVkhQA1aWK39Yl4Pv1TaOcLGyK9KhNzkRIOelRvg root@ubuntu-bionic
[  105.938809] cloud-init[791]: The key's randomart image is:
[  105.949909] cloud-init[791]: +---[RSA 2048]----+
[  105.960018] cloud-init[791]: |.+=o.            |
[  105.969991] cloud-init[791]: |oo.* .           |
[  105.982037] cloud-init[791]: | .* = . .        |
[  105.989713] cloud-init[791]: | ..E + * .       |
[  105.997514] cloud-init[791]: | .+.o = S +      |
[  106.004956] cloud-init[791]: |  .+.+ = + +     |
[  106.010625] cloud-init[791]: |   .* * * + .    |
[  106.017036] cloud-init[791]: |  .+ O o . .     |
[  106.023632] cloud-init[791]: | .. o +..        |
[  106.029759] cloud-init[791]: +----[SHA256]-----+
[  106.035897] cloud-init[791]: Generating public/private dsa key pair.
[  106.044753] cloud-init[791]: Your identification has been saved in /etc/ssh/ssh_host_dsa_key.
[  106.057205] cloud-init[791]: Your public key has been saved in /etc/ssh/ssh_host_dsa_key.pub.
[  106.068187] cloud-init[791]: The key fingerprint is:
[  106.074253] cloud-init[791]: SHA256:NJxffNGCOrbMqiOH2geFzebPoY3EPJtwRru9Q6/ne9A root@ubuntu-bionic
[  106.088229] cloud-init[791]: The key's randomart image is:
[  106.099101] cloud-init[791]: +---[DSA 1024]----+
[  106.118886] cloud-init[791]: |             ... |
[  106.132228] cloud-init[791]: |       . . .. ...|
[  106.146435] cloud-init[791]: |     +  =  .o .. |
[  106.160194] cloud-init[791]: |    . *. o+. .   |
[  106.171217] cloud-init[791]: |     B .S+.+     |
[  106.186976] cloud-init[791]: |    o X o = E    |
[  106.198271] cloud-init[791]: |     B & + .     |
[  106.208468] cloud-init[791]: |   .o X B o .    |
[  106.219618] cloud-init[791]: |  ...+.oo*oo     |
[  106.237995] cloud-init[791]: +----[SHA256]-----+
[  106.248025] cloud-init[791]: Generating public/private ecdsa key pair.
[  106.261619] cloud-init[791]: Your identification has been saved in /etc/ssh/ssh_host_ecdsa_key.
[  106.279064] cloud-init[791]: Your public key has been saved in /etc/ssh/ssh_host_ecdsa_key.pub.
[  106.295492] cloud-init[791]: The key fingerprint is:
[  106.306432] cloud-init[791]: SHA256:6g9/2o9758L+D87jq1PkIk1kUgEpocx0LpnaNlwt+mk root@ubuntu-bionic
[  106.329627] cloud-init[791]: The key's randomart image is:
[  106.341519] cloud-init[791]: +---[ECDSA 256]---+
[  106.352623] cloud-init[791]: |      . o..+o.   |
[  106.363107] cloud-init[791]: |     + *..o o    |
[  106.371967] cloud-init[791]: |      B +..+     |
[  106.383869] cloud-init[791]: |     + + .  . .  |
[  106.395361] cloud-init[791]: |    . * S  o o   |
[  106.405854] cloud-init[791]: |     . + .. o o  |
[  106.415930] cloud-init[791]: |      o E  o o.  |
[  106.425980] cloud-init[791]: |     . + ...=oo. |
[  106.434777] cloud-init[791]: |      ..+o+=+OB+.|
[  106.442894] cloud-init[791]: +----[SHA256]-----+
[  106.469434] cloud-init[791]: Generating public/private ed25519 key pair.
[  106.482202] cloud-init[791]: Your identification has been saved in /etc/ssh/ssh_host_ed25519_key.
[  106.502216] cloud-init[791]: Your public key has been saved in /etc/ssh/ssh_host_ed25519_key.pub.
[  106.539343] cloud-init[791]: The key fingerprint is:
[  106.561497] cloud-init[791]: SHA256:FwG89dLci+Zct3T+q5ki59cFaM+H+50eN4kwLUsDKt4 root@ubuntu-bionic
[  106.586149] cloud-init[791]: The key's randomart image is:
[  106.596708] cloud-init[791]: +--[ED25519 256]--+
[  106.610495] cloud-init[791]: |       ....      |
[  106.630710] cloud-init[791]: |        . ..     |
[  106.656228] cloud-init[791]: |         +.+ o   |
[  106.679616] cloud-init[791]: |        o o.B o  |
[  106.695153] cloud-init[791]: |     . .S .O = + |
[  106.711103] cloud-init[791]: |    . o  .. O B.*|
[  106.731420] cloud-init[791]: |     . E   = ooO=|
[  106.749553] cloud-init[791]: |         . oo.+oB|
[  106.775062] cloud-init[791]: |          +.o+o=*|
[  106.797035] cloud-init[791]: +----[SHA256]-----+
[[0;32m  OK  [0m] Started Initial cloud-init job (metadata service crawler).
[[0;32m  OK  [0m] Reached target Network is Online.
         Starting Availability of block devices...
[[0;32m  OK  [0m] Reached target Remote File Systems (Pre).
[[0;32m  OK  [0m] Reached target Remote File Systems.
[[0;32m  OK  [0m] Reached target System Initialization.
         Starting LXD - unix socket.
[[0;32m  OK  [0m] Listening on D-Bus System Message Bus Socket.
[[0;32m  OK  [0m] Started Ubuntu Advantage Timer for running repeated jobs.
[[0;32m  OK  [0m] Started Daily apt download activities.
[[0;32m  OK  [0m] Listening on Open-iSCSI iscsid Socket.
         Starting Socket activation for snappy daemon.
[[0;32m  OK  [0m] Started Message of the Day.
[[0;32m  OK  [0m] Started Daily apt upgrade and clean activities.
[[0;32m  OK  [0m] Listening on UUID daemon activation socket.
[[0;32m  OK  [0m] Listening on ACPID Listen Socket.
[[0;32m  OK  [0m] Listening on cloud-init hotplug hook socket.
[[0;32m  OK  [0m] Started Discard unused blocks once a week.
[[0;32m  OK  [0m] Started ACPI Events Check.
[[0;32m  OK  [0m] Reached target Paths.
[[0;32m  OK  [0m] Started Daily Cleanup of Temporary Directories.
[[0;32m  OK  [0m] Reached target Timers.
[[0;32m  OK  [0m] Reached target Cloud-config availability.
[[0;32m  OK  [0m] Started Availability of block devices.
[[0;32m  OK  [0m] Listening on LXD - unix socket.
[[0;32m  OK  [0m] Listening on Socket activation for snappy daemon.
[[0;32m  OK  [0m] Reached target Sockets.
[[0;32m  OK  [0m] Reached target Basic System.
[[0;32m  OK  [0m] Started D-Bus System Message Bus.
         Starting Permit User Sessions...
         Starting LSB: automatic crash report generation...
[[0;32m  OK  [0m] Started FUSE filesystem for LXC.
         Starting Dispatcher daemon for systemd-networkd...
         Starting Login Service...
         Starting LSB: Record successful boot for GRUB...
         Starting Virtualbox guest utils...
         Starting LXD - container startup/shutdown...
         Starting Snap Daemon...
         Starting System Logging Service...
         Starting Pollinate to seed the pseudo random number generator...
[[0;32m  OK  [0m] Started irqbalance daemon.
[[0;32m  OK  [0m] Started Deferred execution scheduler.
         Starting Accounts Service...
[[0;32m  OK  [0m] Started Regular background program processing daemon.
[[0;32m  OK  [0m] Reached target Login Prompts (Pre).
[[0;32m  OK  [0m] Started Permit User Sessions.
         Starting Terminate Plymouth Boot Screen...
         Starting Hold until boot process finishes up...
[[0;32m  OK  [0m] Started Hold until boot process finishes up.
         Starting Set console scheme...
[[0;32m  OK  [0m] Started Serial Getty on ttyS0.
[[0;32m  OK  [0m] Started Terminate Plymouth Boot Screen.
[[0;32m  OK  [0m] Started System Logging Service.
[[0;32m  OK  [0m] Started Set console scheme.
[[0;32m  OK  [0m] Created slice system-getty.slice.
[[0;32m  OK  [0m] Started Getty on tty1.
[[0;32m  OK  [0m] Reached target Login Prompts.
[[0;32m  OK  [0m] Started Login Service.
         Starting Authorization Manager...
[[0;32m  OK  [0m] Started Unattended Upgrades Shutdown.

Ubuntu 18.04.6 LTS ubuntu-bionic ttyS0

ubuntu-bionic login: [  155.562096] cloud-init[1086]: Cloud-init v. 23.1.2-0ubuntu0~18.04.1 running 'modules:config' at Tue, 09 Jul 2024 13:02:11 +0000. Up 148.32 seconds.
ci-info: no authorized SSH keys fingerprints found for user ubuntu.
<14>Jul  9 13:02:30 cloud-init: #############################################################
<14>Jul  9 13:02:30 cloud-init: -----BEGIN SSH HOST KEY FINGERPRINTS-----
<14>Jul  9 13:02:30 cloud-init: 1024 SHA256:NJxffNGCOrbMqiOH2geFzebPoY3EPJtwRru9Q6/ne9A root@ubuntu-bionic (DSA)
<14>Jul  9 13:02:31 cloud-init: 256 SHA256:6g9/2o9758L+D87jq1PkIk1kUgEpocx0LpnaNlwt+mk root@ubuntu-bionic (ECDSA)
<14>Jul  9 13:02:31 cloud-init: 256 SHA256:FwG89dLci+Zct3T+q5ki59cFaM+H+50eN4kwLUsDKt4 root@ubuntu-bionic (ED25519)
<14>Jul  9 13:02:31 cloud-init: 2048 SHA256:jCusVkhQA1aWK39Yl4Pv1TaOcLGyK9KhNzkRIOelRvg root@ubuntu-bionic (RSA)
<14>Jul  9 13:02:31 cloud-init: -----END SSH HOST KEY FINGERPRINTS-----
<14>Jul  9 13:02:31 cloud-init: #############################################################
-----BEGIN SSH HOST KEY KEYS-----
ecdsa-sha2-nistp256 AAAAE2VjZHNhLXNoYTItbmlzdHAyNTYAAAAIbmlzdHAyNTYAAABBBJflg5zKHNlfsem0QB0vfbNoGqiHbNGV8fZK4a708ZlQhr47VQRLow4esWQuuZ/MJ0zgdaxRmMvzMfzDKnhMPEI= root@ubuntu-bionic
ssh-ed25519 AAAAC3NzaC1lZDI1NTE5AAAAINpGHmwxqPYQPDmx+XNh7wcdkahMGawTT4fdwpH8YEQf root@ubuntu-bionic
ssh-rsa AAAAB3NzaC1yc2EAAAADAQABAAABAQDeHUBkjzf57v5db0nbzSj5X63lLDilxiDR1Q1b778NPrLYWUmLcbengpP/ylqaUNmKMIVkdfwYVDGb/s91pY0XGzJbyVlksl+daDD2KXaVcUjQLS+BtBM5fDzTxRdQOJthSRFNHxyh9ym8a4u3WcUtRKgvRN4BfohcPXcDNQawqatOJu8pftFiQBIZawaaBhDPp4p+oHYB1qDIWkmmHBhwUHMBMZi8IVvhh/JvAQFQ72ssnpL6fOcfQyUlGlcM2gF8l8GaXQQ/stjf+Z9iRr4lfWczG52NJXPXMFZQcunp+QuGv54r5jPhC3NxY2siCLiSR9fyQ9ycrLQ5KiHLLvxz root@ubuntu-bionic
-----END SSH HOST KEY KEYS-----
[  169.559443] cloud-init[1145]: Cloud-init v. 23.1.2-0ubuntu0~18.04.1 running 'modules:final' at Tue, 09 Jul 2024 13:02:28 +0000. Up 165.07 seconds.
[  169.564742] cloud-init[1145]: Cloud-init v. 23.1.2-0ubuntu0~18.04.1 finished at Tue, 09 Jul 2024 13:02:32 +0000. Datasource DataSourceNoCloud [seed=/dev/sdb][dsmode=net].  Up 169.40 seconds
